WARNING: A restricted method in java.lang.System has been called
WARNING: java.lang.System::load has been called by com.formdev.flatlaf.util.NativeLibrary in an unnamed module (file:/D:/r/SU-35-Y3-S2/JAVA-II/final/reporting-project/lib/flatlaf-3.5.jar)
WARNING: Use --enable-native-access=ALL-UNNAMED to avoid a warning for callers in this module
WARNING: Restricted methods will be blocked in a future release unless native access is enabled

=== Starting: Student Enrollment Report ===
  [1/5] Loading JRXML template...
  [1/5] OK: reports/student_enrollment_report.jrxml
  [2/5] Compiling JRXML...
Apr 05, 2026 1:56:24 PM org.apache.commons.digester.Digester error
SEVERE: Parse Error at line 227 column 17: cvc-complex-type.2.4.a: Invalid content was found starting with element '{"http://jasperreports.sourceforge.net/jasperreports":pageFooter}'. One of '{"http://jasperreports.sourceforge.net/jasperreports":noData}' is expected.
org.xml.sax.SAXParseException; lineNumber: 227; columnNumber: 17; cvc-complex-type.2.4.a: Invalid content was found starting with element '{"http://jasperreports.sourceforge.net/jasperreports":pageFooter}'. One of '{"http://jasperreports.sourceforge.net/jasperreports":noData}' is expected.
	at java.xml/com.sun.org.apache.xerces.internal.util.ErrorHandlerWrapper.createSAXParseException(ErrorHandlerWrapper.java:204)
	at java.xml/com.sun.org.apache.xerces.internal.util.ErrorHandlerWrapper.error(ErrorHandlerWrapper.java:135)
	at java.xml/com.sun.org.apache.xerces.internal.impl.XMLErrorReporter.reportError(XMLErrorReporter.java:396)
	at java.xml/com.sun.org.apache.xerces.internal.impl.XMLErrorReporter.reportError(XMLErrorReporter.java:327)
	at java.xml/com.sun.org.apache.xerces.internal.impl.XMLErrorReporter.reportError(XMLErrorReporter.java:284)
	at java.xml/com.sun.org.apache.xerces.internal.impl.xs.XMLSchemaValidator$XSIErrorReporter.reportError(XMLSchemaValidator.java:512)
	at java.xml/com.sun.org.apache.xerces.internal.impl.xs.XMLSchemaValidator.reportSchemaError(XMLSchemaValidator.java:3596)
	at java.xml/com.sun.org.apache.xerces.internal.impl.xs.XMLSchemaValidator.handleStartElement(XMLSchemaValidator.java:1972)
	at java.xml/com.sun.org.apache.xerces.internal.impl.xs.XMLSchemaValidator.startElement(XMLSchemaValidator.java:830)
	at java.xml/com.sun.org.apache.xerces.internal.impl.XMLNSDocumentScannerImpl.scanStartElement(XMLNSDocumentScannerImpl.java:376)
	at java.xml/com.sun.org.apache.xerces.internal.impl.XMLDocumentFragmentScannerImpl$FragmentContentDriver.next(XMLDocumentFragmentScannerImpl.java:2736)
	at java.xml/com.sun.org.apache.xerces.internal.impl.XMLDocumentScannerImpl.next(XMLDocumentScannerImpl.java:635)
	at java.xml/com.sun.org.apache.xerces.internal.impl.XMLNSDocumentScannerImpl.next(XMLNSDocumentScannerImpl.java:113)
	at java.xml/com.sun.org.apache.xerces.internal.impl.XMLDocumentFragmentScannerImpl.scanDocument(XMLDocumentFragmentScannerImpl.java:551)
	at java.xml/com.sun.org.apache.xerces.internal.parsers.XML11Configuration.parse(XML11Configuration.java:890)
	at java.xml/com.sun.org.apache.xerces.internal.parsers.XML11Configuration.parse(XML11Configuration.java:826)
	at java.xml/com.sun.org.apache.xerces.internal.parsers.XMLParser.parse(XMLParser.java:137)
	at java.xml/com.sun.org.apache.xerces.internal.parsers.AbstractSAXParser.parse(AbstractSAXParser.java:1225)
	at java.xml/com.sun.org.apache.xerces.internal.jaxp.SAXParserImpl$JAXPSAXParser.parse(SAXParserImpl.java:629)
	at org.apache.commons.digester.Digester.parse(Digester.java:1892)
	at net.sf.jasperreports.engine.xml.JRXmlLoader.loadXML(JRXmlLoader.java:281)
	at net.sf.jasperreports.engine.xml.JRXmlLoader.loadXML(JRXmlLoader.java:268)
	at net.sf.jasperreports.engine.xml.JRXmlLoader.load(JRXmlLoader.java:257)
	at net.sf.jasperreports.engine.xml.JRXmlLoader.load(JRXmlLoader.java:235)
	at org.example.service.ReportGenerator.generateAndPreview(ReportGenerator.java:43)
	at org.example.ui.DashboardFrame$1.doInBackground(DashboardFrame.java:144)
	at org.example.ui.DashboardFrame$1.doInBackground(DashboardFrame.java:141)
	at java.desktop/javax.swing.SwingWorker$1.call(SwingWorker.java:303)
	at java.base/java.util.concurrent.FutureTask.run(FutureTask.java:328)
	at java.desktop/javax.swing.SwingWorker.run(SwingWorker.java:340)
	at java.base/java.util.concurrent.ThreadPoolExecutor.runWorker(ThreadPoolExecutor.java:1090)
	at java.base/java.util.concurrent.ThreadPoolExecutor$Worker.run(ThreadPoolExecutor.java:614)
	at java.base/java.lang.Thread.run(Thread.java:1474)

  ERROR: net.sf.jasperreports.engine.JRException: org.xml.sax.SAXParseException; lineNumber: 227; columnNumber: 17; cvc-complex-type.2.4.a: Invalid content was found starting with element '{"http://jasperreports.sourceforge.net/jasperreports":pageFooter}'. One of '{"http://jasperreports.sourceforge.net/jasperreports":noData}' is expected.
net.sf.jasperreports.engine.JRException: org.xml.sax.SAXParseException; lineNumber: 227; columnNumber: 17; cvc-complex-type.2.4.a: Invalid content was found starting with element '{"http://jasperreports.sourceforge.net/jasperreports":pageFooter}'. One of '{"http://jasperreports.sourceforge.net/jasperreports":noData}' is expected.
	at net.sf.jasperreports.engine.xml.JRXmlLoader.loadXML(JRXmlLoader.java:285)
	at net.sf.jasperreports.engine.xml.JRXmlLoader.loadXML(JRXmlLoader.java:268)
	at net.sf.jasperreports.engine.xml.JRXmlLoader.load(JRXmlLoader.java:257)
	at net.sf.jasperreports.engine.xml.JRXmlLoader.load(JRXmlLoader.java:235)
	at org.example.service.ReportGenerator.generateAndPreview(ReportGenerator.java:43)
	at org.example.ui.DashboardFrame$1.doInBackground(DashboardFrame.java:144)
	at org.example.ui.DashboardFrame$1.doInBackground(DashboardFrame.java:141)
	at java.desktop/javax.swing.SwingWorker$1.call(SwingWorker.java:303)
	at java.base/java.util.concurrent.FutureTask.run(FutureTask.java:328)
	at java.desktop/javax.swing.SwingWorker.run(SwingWorker.java:340)
	at java.base/java.util.concurrent.ThreadPoolExecutor.runWorker(ThreadPoolExecutor.java:1090)
	at java.base/java.util.concurrent.ThreadPoolExecutor$Worker.run(ThreadPoolExecutor.java:614)
	at java.base/java.lang.Thread.run(Thread.java:1474)
Caused by: org.xml.sax.SAXParseException; lineNumber: 227; columnNumber: 17; cvc-complex-type.2.4.a: Invalid content was found starting with element '{"http://jasperreports.sourceforge.net/jasperreports":pageFooter}'. One of '{"http://jasperreports.sourceforge.net/jasperreports":noData}' is expected.
	at java.xml/com.sun.org.apache.xerces.internal.util.ErrorHandlerWrapper.createSAXParseException(ErrorHandlerWrapper.java:204)
	at java.xml/com.sun.org.apache.xerces.internal.util.ErrorHandlerWrapper.error(ErrorHandlerWrapper.java:135)
	at java.xml/com.sun.org.apache.xerces.internal.impl.XMLErrorReporter.reportError(XMLErrorReporter.java:396)
	at java.xml/com.sun.org.apache.xerces.internal.impl.XMLErrorReporter.reportError(XMLErrorReporter.java:327)
	at java.xml/com.sun.org.apache.xerces.internal.impl.XMLErrorReporter.reportError(XMLErrorReporter.java:284)
	at java.xml/com.sun.org.apache.xerces.internal.impl.xs.XMLSchemaValidator$XSIErrorReporter.reportError(XMLSchemaValidator.java:512)
	at java.xml/com.sun.org.apache.xerces.internal.impl.xs.XMLSchemaValidator.reportSchemaError(XMLSchemaValidator.java:3596)
	at java.xml/com.sun.org.apache.xerces.internal.impl.xs.XMLSchemaValidator.handleStartElement(XMLSchemaValidator.java:1972)
	at java.xml/com.sun.org.apache.xerces.internal.impl.xs.XMLSchemaValidator.startElement(XMLSchemaValidator.java:830)
	at java.xml/com.sun.org.apache.xerces.internal.impl.XMLNSDocumentScannerImpl.scanStartElement(XMLNSDocumentScannerImpl.java:376)
	at java.xml/com.sun.org.apache.xerces.internal.impl.XMLDocumentFragmentScannerImpl$FragmentContentDriver.next(XMLDocumentFragmentScannerImpl.java:2736)
	at java.xml/com.sun.org.apache.xerces.internal.impl.XMLDocumentScannerImpl.next(XMLDocumentScannerImpl.java:635)
	at java.xml/com.sun.org.apache.xerces.internal.impl.XMLNSDocumentScannerImpl.next(XMLNSDocumentScannerImpl.java:113)
	at java.xml/com.sun.org.apache.xerces.internal.impl.XMLDocumentFragmentScannerImpl.scanDocument(XMLDocumentFragmentScannerImpl.java:551)
	at java.xml/com.sun.org.apache.xerces.internal.parsers.XML11Configuration.parse(XML11Configuration.java:890)
	at java.xml/com.sun.org.apache.xerces.internal.parsers.XML11Configuration.parse(XML11Configuration.java:826)
	at java.xml/com.sun.org.apache.xerces.internal.parsers.XMLParser.parse(XMLParser.java:137)
	at java.xml/com.sun.org.apache.xerces.internal.parsers.AbstractSAXParser.parse(AbstractSAXParser.java:1225)
	at java.xml/com.sun.org.apache.xerces.internal.jaxp.SAXParserImpl$JAXPSAXParser.parse(SAXParserImpl.java:629)
	at org.apache.commons.digester.Digester.parse(Digester.java:1892)
	at net.sf.jasperreports.engine.xml.JRXmlLoader.loadXML(JRXmlLoader.java:281)
	... 12 more
